2025-09-28 07:13:18 [INFO] root: logging initialized. file=./pipeline.log level=INFO console=WARNING
2025-09-28 07:35:37 [INFO] root: logging initialized. file=./pipeline.log level=INFO console=WARNING
2025-09-28 07:37:00 [INFO] root: logging initialized. file=./pipeline.log level=INFO console=WARNING
2025-09-28 07:37:57 [INFO] root: logging initialized. file=./pipeline.log level=INFO console=WARNING
2025-09-28 07:42:29 [INFO] root: logging initialized. file=./pipeline.log level=INFO console=WARNING
2025-09-28 07:43:48 [INFO] root: logging initialized. file=./pipeline.log level=INFO console=WARNING
2025-09-28 07:49:31 [INFO] root: logging initialized. file=./pipeline.log level=INFO console=WARNING
2025-09-28 07:49:39 [INFO] root: eval tolerances: axis_tol=5.73 deg (hi 8.73), center_tol=0.30*D or 0.20 mm, IoU_axis>=0.70, require_center_on_stress=False
2025-09-28 07:49:40 [INFO] root: eval_stress stats: median_ms=0.0 p90_ms=1000.0 timeouts=0 errors=0
2025-09-28 07:49:40 [INFO] root: baseline(stress): recall=0.3833 med_latency=0.0085 cand/part=0.87
2025-09-28 07:49:43 [INFO] root: eval_real stats: median_ms=17.9 p90_ms=29.2 timeouts=0 errors=0
2025-09-28 07:49:43 [INFO] root: baseline(real): med_latency=0.0179 cand/part=0.25 (n=300)
2025-09-28 07:49:44 [INFO] root: eval_stress stats: median_ms=0.0 p90_ms=1000.0 timeouts=0 errors=0
2025-09-28 07:49:46 [INFO] root: eval_real stats: median_ms=17.6 p90_ms=29.4 timeouts=0 errors=0
2025-09-28 07:49:46 [INFO] root: try A: stress(recall=0.3833 lat=0.0087 cpp=0.87) real(lat=0.0176 cpp=0.25) ok=False
2025-09-28 07:49:47 [INFO] root: eval_stress stats: median_ms=0.0 p90_ms=1000.0 timeouts=0 errors=0
2025-09-28 07:49:49 [INFO] root: eval_real stats: median_ms=17.5 p90_ms=28.4 timeouts=0 errors=0
2025-09-28 07:49:49 [INFO] root: try A: stress(recall=0.3833 lat=0.0088 cpp=0.87) real(lat=0.0175 cpp=0.25) ok=False
2025-09-28 07:49:51 [INFO] root: eval_stress stats: median_ms=0.0 p90_ms=1000.0 timeouts=0 errors=0
2025-09-28 07:49:52 [INFO] root: eval_real stats: median_ms=16.9 p90_ms=27.6 timeouts=0 errors=0
2025-09-28 07:49:52 [INFO] root: try A: stress(recall=0.3833 lat=0.0085 cpp=0.87) real(lat=0.0169 cpp=0.25) ok=False
2025-09-28 07:49:54 [INFO] root: eval_stress stats: median_ms=0.0 p90_ms=1000.0 timeouts=0 errors=0
2025-09-28 07:49:56 [INFO] root: eval_real stats: median_ms=17.9 p90_ms=30.2 timeouts=0 errors=0
2025-09-28 07:49:56 [INFO] root: try B: stress(recall=0.3833 lat=0.0090 cpp=0.87) real(lat=0.0179 cpp=0.25) ok=False
2025-09-28 07:49:57 [INFO] root: eval_stress stats: median_ms=0.0 p90_ms=1000.0 timeouts=0 errors=0
2025-09-28 07:49:59 [INFO] root: eval_real stats: median_ms=17.7 p90_ms=28.9 timeouts=0 errors=0
2025-09-28 07:49:59 [INFO] root: try B: stress(recall=0.3833 lat=0.0089 cpp=0.88) real(lat=0.0177 cpp=0.25) ok=False
2025-09-28 07:50:00 [INFO] root: eval_stress stats: median_ms=0.0 p90_ms=1000.0 timeouts=0 errors=0
2025-09-28 07:50:02 [INFO] root: eval_real stats: median_ms=17.7 p90_ms=29.0 timeouts=0 errors=0
2025-09-28 07:50:02 [INFO] root: try B: stress(recall=0.3833 lat=0.0088 cpp=0.89) real(lat=0.0177 cpp=0.25) ok=False
2025-09-28 07:50:04 [INFO] root: eval_stress stats: median_ms=0.0 p90_ms=1000.0 timeouts=0 errors=0
2025-09-28 07:50:06 [INFO] root: eval_real stats: median_ms=19.9 p90_ms=34.1 timeouts=0 errors=0
2025-09-28 07:50:06 [INFO] root: try C: stress(recall=0.3833 lat=0.0094 cpp=0.87) real(lat=0.0199 cpp=0.25) ok=False
2025-09-28 07:50:07 [INFO] root: eval_stress stats: median_ms=0.0 p90_ms=1000.0 timeouts=0 errors=0
2025-09-28 07:50:09 [INFO] root: eval_real stats: median_ms=17.6 p90_ms=30.2 timeouts=0 errors=0
2025-09-28 07:50:09 [INFO] root: try C: stress(recall=0.3833 lat=0.0088 cpp=0.87) real(lat=0.0176 cpp=0.25) ok=False
2025-09-28 07:50:10 [INFO] root: eval_stress stats: median_ms=0.0 p90_ms=1000.0 timeouts=0 errors=0
2025-09-28 07:50:12 [INFO] root: eval_real stats: median_ms=19.6 p90_ms=33.8 timeouts=0 errors=0
2025-09-28 07:50:12 [INFO] root: try C: stress(recall=0.3833 lat=0.0090 cpp=0.87) real(lat=0.0196 cpp=0.25) ok=False
2025-09-28 07:50:12 [INFO] root: best(stress): recall=0.3833 med_latency=0.0085 cand/part=0.87 (target=0.980)
2025-09-28 07:50:13 [INFO] root: rebuild enumerate: total_tasks=280456
2025-09-28 08:07:31 [INFO] root: rebuild stats: median_ms=40.1 p90_ms=54.9 timeouts=0 errors=0
2025-09-28 08:07:31 [INFO] root: write rebuild summary: /workspace/Gjj Local/data/CAD/step_out/s6_out/rebuild_summary.json
